<assemblies timestamp="02/07/2023 01:30:38">
  <assembly name="C:\Users\User\Desktop\Project Moonshot\Tutorials\AutomatedTesting\Calculator.Specs\bin\Debug\net6.0\Calculator.Specs.dll" run-date="2023-02-07" run-time="01:30:38" total="1" passed="1" failed="0" skipped="0" time="1.570" errors="0">
    <errors />
    <collection total="1" passed="1" failed="0" skipped="0" name="Test collection for Calculator.Specs.Features.SumOfTwoNumbersFeature" time="0.021">
      <test name="Test Sum of two numbers" type="Calculator.Specs.Features.SumOfTwoNumbersFeature" method="TestSumOfTwoNumbers" time="0.0205190" result="Pass">
        <output>Given I have entered 1 into the calculator
-&gt; done: SumOfTwoNumbersStepDefinitions.GivenIHaveEnteredIntoTheCalculator(1) (0.0s)
And I have also entered 2 into the calculator
-&gt; done: SumOfTwoNumbersStepDefinitions.GivenIHaveAlsoEnteredIntoTheCalculator(2) (0.0s)
When I press add
-&gt; done: SumOfTwoNumbersStepDefinitions.WhenIPressAdd() (0.0s)
Then the result should be 3 on the screen
-&gt; done: SumOfTwoNumbersStepDefinitions.ThenTheResultShouldBeOnTheScreen(3) (0.0s)

</output>
        <traits>
          <trait name="FeatureTitle" value="Sum of two numbers" />
          <trait name="Description" value="Test Sum of two numbers" />
          <trait name="Category" value="TEST_TEST-5" />
          <trait name="Category" value="REQ_TEST-4" />
        </traits>
      </test>
    </collection>
  </assembly>
</assemblies>